2016-11-16 14:37:46 [main] INFO  com.scd.batch.executor.job.BatchLauncher - BatchLauncher args: -n, lastDayAssetsCalculate, -p, classpath:META-INF/ApplicationContext-executor.xml, -f
2016-11-16 14:37:46 [main] INFO  com.scd.batch.executor.job.BatchLauncher - BatchLauncher command options: com.scd.batch.common.job.command.CommandOptions@1f95560[JOB,lastDayAssetsCalculate,classpath:META-INF/ApplicationContext-executor.xml,true]
2016-11-16 14:37:48 [main] INFO  org.springframework.beans.factory.xml.XmlBeanDefinitionReader - Loading XML bean definitions from class path resource [META-INF/ApplicationContext-executor.xml]
2016-11-16 14:37:48 [main] INFO  org.springframework.beans.factory.xml.XmlBeanDefinitionReader - Loading XML bean definitions from class path resource [META-INF/spring/dubbo-consumer.xml]
2016-11-16 14:37:49 [main] INFO  org.springframework.beans.factory.xml.XmlBeanDefinitionReader - Loading XML bean definitions from class path resource [META-INF/spring/spring-jobs-executor.xml]
2016-11-16 14:37:49 [main] INFO  org.springframework.beans.factory.xml.XmlBeanDefinitionReader - Loading XML bean definitions from class path resource [META-INF/spring/spring-service-executor.xml]
2016-11-16 14:37:49 [main] INFO  org.springframework.beans.factory.xml.XmlBeanDefinitionReader - Loading XML bean definitions from class path resource [META-INF/ApplicationContext-common.xml]
2016-11-16 14:37:49 [main] INFO  org.springframework.beans.factory.xml.XmlBeanDefinitionReader - Loading XML bean definitions from class path resource [META-INF/spring/spring-dao-common.xml]
2016-11-16 14:37:50 [main] INFO  org.springframework.beans.factory.xml.XmlBeanDefinitionReader - Loading XML bean definitions from class path resource [META-INF/spring/spring-service-common.xml]
2016-11-16 14:37:52 [main] INFO  org.springframework.beans.factory.xml.XmlBeanDefinitionReader - Loading XML bean definitions from class path resource [META-INF/ApplicationContext-statistics.xml]
2016-11-16 14:37:52 [main] INFO  org.springframework.beans.factory.xml.XmlBeanDefinitionReader - Loading XML bean definitions from class path resource [META-INF/spring/spring-service-statistics.xml]
2016-11-16 14:37:53 [main] INFO  org.springframework.beans.factory.xml.XmlBeanDefinitionReader - Loading XML bean definitions from class path resource [META-INF/spring/spring-jobs-statistics.xml]
2016-11-16 14:37:53 [main] INFO  org.springframework.beans.factory.xml.XmlBeanDefinitionReader - Loading XML bean definitions from class path resource [META-INF/ApplicationContext-reconciliation.xml]
2016-11-16 14:37:53 [main] INFO  org.springframework.beans.factory.xml.XmlBeanDefinitionReader - Loading XML bean definitions from class path resource [META-INF/spring/spring-jobs-reconciliation.xml]
2016-11-16 14:37:53 [main] INFO  org.springframework.beans.factory.xml.XmlBeanDefinitionReader - Loading XML bean definitions from class path resource [META-INF/spring/spring-service-reconciliation.xml]
2016-11-16 14:37:54 [main] INFO  org.springframework.beans.factory.xml.XmlBeanDefinitionReader - Loading XML bean definitions from class path resource [META-INF/ApplicationContext-schedule.xml]
2016-11-16 14:37:54 [main] INFO  org.springframework.beans.factory.xml.XmlBeanDefinitionReader - Loading XML bean definitions from class path resource [META-INF/spring/spring-jobs-schedule.xml]
2016-11-16 14:37:54 [main] INFO  org.springframework.beans.factory.xml.XmlBeanDefinitionReader - Loading XML bean definitions from class path resource [META-INF/spring/spring-service-schedule.xml]
2016-11-16 14:37:54 [main] INFO  org.springframework.beans.factory.xml.XmlBeanDefinitionReader - Loading XML bean definitions from class path resource [META-INF/spring/spring-redis.xml]
2016-11-16 14:37:54 [main] INFO  org.springframework.beans.factory.xml.XmlBeanDefinitionReader - Loading XML bean definitions from class path resource [META-INF/ApplicationContext-interest.xml]
2016-11-16 14:37:54 [main] INFO  org.springframework.beans.factory.xml.XmlBeanDefinitionReader - Loading XML bean definitions from class path resource [META-INF/spring/spring-jobs-interest.xml]
2016-11-16 14:37:54 [main] INFO  org.springframework.beans.factory.xml.XmlBeanDefinitionReader - Loading XML bean definitions from class path resource [META-INF/spring/spring-service-interest.xml]
2016-11-16 14:37:55 [main] INFO  org.springframework.context.support.GenericXmlApplicationContext - Refreshing org.springframework.context.support.GenericXmlApplicationContext@528192: startup date [Wed Nov 16 14:37:55 CST 2016]; root of context hierarchy
2016-11-16 14:37:56 [main] DEBUG org.mybatis.spring.mapper.ClassPathMapperScanner - Identified candidate component class: file [F:\github\scd_batch\batch-common\target\classes\com\scd\batch\common\dao\acct\AcctUserAccumulateProfitDao.class]
2016-11-16 14:37:56 [main] DEBUG org.mybatis.spring.mapper.ClassPathMapperScanner - Identified candidate component class: file [F:\github\scd_batch\batch-common\target\classes\com\scd\batch\common\dao\acct\AcctUserDailyProfitDao.class]
2016-11-16 14:37:56 [main] DEBUG org.mybatis.spring.mapper.ClassPathMapperScanner - Identified candidate component class: file [F:\github\scd_batch\batch-common\target\classes\com\scd\batch\common\dao\acct\UserAccumulateProfitDao.class]
2016-11-16 14:37:56 [main] DEBUG org.mybatis.spring.mapper.ClassPathMapperScanner - Identified candidate component class: file [F:\github\scd_batch\batch-common\target\classes\com\scd\batch\common\dao\acct\UserDailyProfitDao.class]
2016-11-16 14:37:56 [main] DEBUG org.mybatis.spring.mapper.ClassPathMapperScanner - Identified candidate component class: file [F:\github\scd_batch\batch-common\target\classes\com\scd\batch\common\dao\acct\UserRegisterDao.class]
2016-11-16 14:37:56 [main] DEBUG org.mybatis.spring.mapper.ClassPathMapperScanner - Identified candidate component class: file [F:\github\scd_batch\batch-common\target\classes\com\scd\batch\common\dao\bid\BorrowerRelationDao.class]
2016-11-16 14:37:56 [main] DEBUG org.mybatis.spring.mapper.ClassPathMapperScanner - Identified candidate component class: file [F:\github\scd_batch\batch-common\target\classes\com\scd\batch\common\dao\bid\CreditorRelationDao.class]
2016-11-16 14:37:56 [main] DEBUG org.mybatis.spring.mapper.ClassPathMapperScanner - Identified candidate component class: file [F:\github\scd_batch\batch-common\target\classes\com\scd\batch\common\dao\bid\CreditRepayRealDao.class]
2016-11-16 14:37:56 [main] DEBUG org.mybatis.spring.mapper.ClassPathMapperScanner - Identified candidate component class: file [F:\github\scd_batch\batch-common\target\classes\com\scd\batch\common\dao\bid\LoanDao.class]
2016-11-16 14:37:56 [main] DEBUG org.mybatis.spring.mapper.ClassPathMapperScanner - Identified candidate component class: file [F:\github\scd_batch\batch-common\target\classes\com\scd\batch\common\dao\bid\ProjectDao.class]
2016-11-16 14:37:56 [main] DEBUG org.mybatis.spring.mapper.ClassPathMapperScanner - Identified candidate component class: file [F:\github\scd_batch\batch-common\target\classes\com\scd\batch\common\dao\bid\RepayPlanDao.class]
2016-11-16 14:37:56 [main] DEBUG org.mybatis.spring.mapper.ClassPathMapperScanner - Identified candidate component class: file [F:\github\scd_batch\batch-common\target\classes\com\scd\batch\common\dao\bid\RepayRealDao.class]
2016-11-16 14:37:56 [main] DEBUG org.mybatis.spring.mapper.ClassPathMapperScanner - Identified candidate component class: file [F:\github\scd_batch\batch-common\target\classes\com\scd\batch\common\dao\financial\BorrowerRepaymentPlanDao.class]
2016-11-16 14:37:56 [main] DEBUG org.mybatis.spring.mapper.ClassPathMapperScanner - Identified candidate component class: file [F:\github\scd_batch\batch-common\target\classes\com\scd\batch\common\dao\financial\FixProdDueDateReportDao.class]
2016-11-16 14:37:56 [main] DEBUG org.mybatis.spring.mapper.ClassPathMapperScanner - Identified candidate component class: file [F:\github\scd_batch\batch-common\target\classes\com\scd\batch\common\dao\financial\PlatformAssetReportDao.class]
2016-11-16 14:37:56 [main] DEBUG org.mybatis.spring.mapper.ClassPathMapperScanner - Identified candidate component class: file [F:\github\scd_batch\batch-common\target\classes\com\scd\batch\common\dao\financial\PlatformExpendReportDao.class]
2016-11-16 14:37:56 [main] DEBUG org.mybatis.spring.mapper.ClassPathMapperScanner - Identified candidate component class: file [F:\github\scd_batch\batch-common\target\classes\com\scd\batch\common\dao\financial\ProjectQuotaReportDao.class]
2016-11-16 14:37:56 [main] DEBUG org.mybatis.spring.mapper.ClassPathMapperScanner - Identified candidate component class: file [F:\github\scd_batch\batch-common\target\classes\com\scd\batch\common\dao\financial\UserRwDailyReportDao.class]
2016-11-16 14:37:56 [main] DEBUG org.mybatis.spring.mapper.ClassPathMapperScanner - Identified candidate component class: file [F:\github\scd_batch\batch-common\target\classes\com\scd\batch\common\dao\interest\UserAssetsDao.class]
2016-11-16 14:37:56 [main] DEBUG org.mybatis.spring.mapper.ClassPathMapperScanner - Identified candidate component class: file [F:\github\scd_batch\batch-common\target\classes\com\scd\batch\common\dao\promotion\CouponsUseRecordsDao.class]
2016-11-16 14:37:56 [main] DEBUG org.mybatis.spring.mapper.ClassPathMapperScanner - Identified candidate component class: file [F:\github\scd_batch\batch-common\target\classes\com\scd\batch\common\dao\reconciliation\CashTransferDao.class]
2016-11-16 14:37:56 [main] DEBUG org.mybatis.spring.mapper.ClassPathMapperScanner - Identified candidate component class: file [F:\github\scd_batch\batch-common\target\classes\com\scd\batch\common\dao\reconciliation\HuiFuUserBalanceDao.class]
2016-11-16 14:37:56 [main] DEBUG org.mybatis.spring.mapper.ClassPathMapperScanner - Identified candidate component class: file [F:\github\scd_batch\batch-common\target\classes\com\scd\batch\common\dao\reconciliation\LoanPaymentTransferDao.class]
2016-11-16 14:37:56 [main] DEBUG org.mybatis.spring.mapper.ClassPathMapperScanner - Identified candidate component class: file [F:\github\scd_batch\batch-common\target\classes\com\scd\batch\common\dao\reconciliation\SaveTransferDao.class]
2016-11-16 14:37:56 [main] DEBUG org.mybatis.spring.mapper.ClassPathMapperScanner - Identified candidate component class: file [F:\github\scd_batch\batch-common\target\classes\com\scd\batch\common\dao\reconciliation\TransferErrorDao.class]
2016-11-16 14:37:56 [main] DEBUG org.mybatis.spring.mapper.ClassPathMapperScanner - Identified candidate component class: file [F:\github\scd_batch\batch-common\target\classes\com\scd\batch\common\dao\reconciliation\TrfTransferDao.class]
2016-11-16 14:37:56 [main] DEBUG org.mybatis.spring.mapper.ClassPathMapperScanner - Identified candidate component class: file [F:\github\scd_batch\batch-common\target\classes\com\scd\batch\common\dao\statistics\AssetsStatDao.class]
2016-11-16 14:37:56 [main] DEBUG org.mybatis.spring.mapper.ClassPathMapperScanner - Identified candidate component class: file [F:\github\scd_batch\batch-common\target\classes\com\scd\batch\common\dao\statistics\BorrowerRepayPlanStatDao.class]
2016-11-16 14:37:56 [main] DEBUG org.mybatis.spring.mapper.ClassPathMapperScanner - Identified candidate component class: file [F:\github\scd_batch\batch-common\target\classes\com\scd\batch\common\dao\statistics\ExpenditureStatDao.class]
2016-11-16 14:37:56 [main] DEBUG org.mybatis.spring.mapper.ClassPathMapperScanner - Identified candidate component class: file [F:\github\scd_batch\batch-common\target\classes\com\scd\batch\common\dao\statistics\FixProjectDueStatDao.class]
2016-11-16 14:37:56 [main] DEBUG org.mybatis.spring.mapper.ClassPathMapperScanner - Identified candidate component class: file [F:\github\scd_batch\batch-common\target\classes\com\scd\batch\common\dao\statistics\FundStatDao.class]
2016-11-16 14:37:56 [main] DEBUG org.mybatis.spring.mapper.ClassPathMapperScanner - Identified candidate component class: file [F:\github\scd_batch\batch-common\target\classes\com\scd\batch\common\dao\statistics\ProjectLimitDao.class]
2016-11-16 14:37:56 [main] DEBUG org.mybatis.spring.mapper.ClassPathMapperScanner - Identified candidate component class: file [F:\github\scd_batch\batch-common\target\classes\com\scd\batch\common\dao\trade\LoansCbDao.class]
2016-11-16 14:37:56 [main] DEBUG org.mybatis.spring.mapper.ClassPathMapperScanner - Identified candidate component class: file [F:\github\scd_batch\batch-common\target\classes\com\scd\batch\common\dao\trade\RechargeLDao.class]
2016-11-16 14:37:56 [main] DEBUG org.mybatis.spring.mapper.ClassPathMapperScanner - Identified candidate component class: file [F:\github\scd_batch\batch-common\target\classes\com\scd\batch\common\dao\trade\RedeemTDao.class]
2016-11-16 14:37:56 [main] DEBUG org.mybatis.spring.mapper.ClassPathMapperScanner - Identified candidate component class: file [F:\github\scd_batch\batch-common\target\classes\com\scd\batch\common\dao\trade\RepaymentCbDao.class]
2016-11-16 14:37:56 [main] DEBUG org.mybatis.spring.mapper.ClassPathMapperScanner - Identified candidate component class: file [F:\github\scd_batch\batch-common\target\classes\com\scd\batch\common\dao\trade\SubscribeTDao.class]
2016-11-16 14:37:56 [main] DEBUG org.mybatis.spring.mapper.ClassPathMapperScanner - Identified candidate component class: file [F:\github\scd_batch\batch-common\target\classes\com\scd\batch\common\dao\trade\UserBalanceDao.class]
2016-11-16 14:37:56 [main] DEBUG org.mybatis.spring.mapper.ClassPathMapperScanner - Identified candidate component class: file [F:\github\scd_batch\batch-common\target\classes\com\scd\batch\common\dao\trade\WithdrawLDao.class]
2016-11-16 14:37:56 [main] DEBUG org.mybatis.spring.mapper.ClassPathMapperScanner - Identified candidate component class: file [F:\github\scd_batch\batch-common\target\classes\com\scd\batch\common\daycut\dao\DayCutDao.class]
2016-11-16 14:37:56 [main] DEBUG org.mybatis.spring.mapper.ClassPathMapperScanner - Identified candidate component class: file [F:\github\scd_batch\batch-common\target\classes\com\scd\batch\common\job\batch\control\dao\FailRecordDao.class]
2016-11-16 14:37:56 [main] DEBUG org.mybatis.spring.mapper.ClassPathMapperScanner - Identified candidate component class: file [F:\github\scd_batch\batch-common\target\classes\com\scd\batch\common\job\batch\control\dao\JobDao.class]
2016-11-16 14:37:56 [main] DEBUG org.mybatis.spring.mapper.ClassPathMapperScanner - Identified candidate component class: file [F:\github\scd_batch\batch-common\target\classes\com\scd\batch\common\job\batch\control\dao\SwitchDao.class]
2016-11-16 14:37:56 [main] DEBUG org.mybatis.spring.mapper.ClassPathMapperScanner - Identified candidate component class: file [F:\github\scd_batch\batch-common\target\classes\com\scd\batch\common\uid\worker\dao\WorkerNodeDAO.class]
2016-11-16 14:37:56 [main] DEBUG org.mybatis.spring.mapper.ClassPathMapperScanner - Creating MapperFactoryBean with name 'acctUserAccumulateProfitDao' and 'com.scd.batch.common.dao.acct.AcctUserAccumulateProfitDao' mapperInterface
2016-11-16 14:37:56 [main] DEBUG org.mybatis.spring.mapper.ClassPathMapperScanner - Creating MapperFactoryBean with name 'acctUserDailyProfitDao' and 'com.scd.batch.common.dao.acct.AcctUserDailyProfitDao' mapperInterface
2016-11-16 14:37:56 [main] DEBUG org.mybatis.spring.mapper.ClassPathMapperScanner - Creating MapperFactoryBean with name 'userAccumulateProfitDao' and 'com.scd.batch.common.dao.acct.UserAccumulateProfitDao' mapperInterface
2016-11-16 14:37:56 [main] DEBUG org.mybatis.spring.mapper.ClassPathMapperScanner - Creating MapperFactoryBean with name 'userDailyProfitDao' and 'com.scd.batch.common.dao.acct.UserDailyProfitDao' mapperInterface
2016-11-16 14:37:56 [main] DEBUG org.mybatis.spring.mapper.ClassPathMapperScanner - Creating MapperFactoryBean with name 'userRegisterDao' and 'com.scd.batch.common.dao.acct.UserRegisterDao' mapperInterface
2016-11-16 14:37:56 [main] DEBUG org.mybatis.spring.mapper.ClassPathMapperScanner - Creating MapperFactoryBean with name 'borrowerRelationDao' and 'com.scd.batch.common.dao.bid.BorrowerRelationDao' mapperInterface
2016-11-16 14:37:56 [main] DEBUG org.mybatis.spring.mapper.ClassPathMapperScanner - Creating MapperFactoryBean with name 'creditorRelationDao' and 'com.scd.batch.common.dao.bid.CreditorRelationDao' mapperInterface
2016-11-16 14:37:56 [main] DEBUG org.mybatis.spring.mapper.ClassPathMapperScanner - Creating MapperFactoryBean with name 'creditRepayRealDao' and 'com.scd.batch.common.dao.bid.CreditRepayRealDao' mapperInterface
2016-11-16 14:37:56 [main] DEBUG org.mybatis.spring.mapper.ClassPathMapperScanner - Creating MapperFactoryBean with name 'loanDao' and 'com.scd.batch.common.dao.bid.LoanDao' mapperInterface
2016-11-16 14:37:56 [main] DEBUG org.mybatis.spring.mapper.ClassPathMapperScanner - Creating MapperFactoryBean with name 'projectDao' and 'com.scd.batch.common.dao.bid.ProjectDao' mapperInterface
2016-11-16 14:37:56 [main] DEBUG org.mybatis.spring.mapper.ClassPathMapperScanner - Creating MapperFactoryBean with name 'repayPlanDao' and 'com.scd.batch.common.dao.bid.RepayPlanDao' mapperInterface
2016-11-16 14:37:56 [main] DEBUG org.mybatis.spring.mapper.ClassPathMapperScanner - Creating MapperFactoryBean with name 'repayRealDao' and 'com.scd.batch.common.dao.bid.RepayRealDao' mapperInterface
2016-11-16 14:37:56 [main] DEBUG org.mybatis.spring.mapper.ClassPathMapperScanner - Creating MapperFactoryBean with name 'borrowerRepaymentPlanDao' and 'com.scd.batch.common.dao.financial.BorrowerRepaymentPlanDao' mapperInterface
2016-11-16 14:37:56 [main] DEBUG org.mybatis.spring.mapper.ClassPathMapperScanner - Creating MapperFactoryBean with name 'fixProdDueDateReportDao' and 'com.scd.batch.common.dao.financial.FixProdDueDateReportDao' mapperInterface
2016-11-16 14:37:56 [main] DEBUG org.mybatis.spring.mapper.ClassPathMapperScanner - Creating MapperFactoryBean with name 'platformAssetReportDao' and 'com.scd.batch.common.dao.financial.PlatformAssetReportDao' mapperInterface
2016-11-16 14:37:56 [main] DEBUG org.mybatis.spring.mapper.ClassPathMapperScanner - Creating MapperFactoryBean with name 'platformExpendReportDao' and 'com.scd.batch.common.dao.financial.PlatformExpendReportDao' mapperInterface
2016-11-16 14:37:56 [main] DEBUG org.mybatis.spring.mapper.ClassPathMapperScanner - Creating MapperFactoryBean with name 'projectQuotaReportDao' and 'com.scd.batch.common.dao.financial.ProjectQuotaReportDao' mapperInterface
2016-11-16 14:37:56 [main] DEBUG org.mybatis.spring.mapper.ClassPathMapperScanner - Creating MapperFactoryBean with name 'userRwDailyReportDao' and 'com.scd.batch.common.dao.financial.UserRwDailyReportDao' mapperInterface
2016-11-16 14:37:56 [main] DEBUG org.mybatis.spring.mapper.ClassPathMapperScanner - Creating MapperFactoryBean with name 'userAssetsDao' and 'com.scd.batch.common.dao.interest.UserAssetsDao' mapperInterface
2016-11-16 14:37:56 [main] DEBUG org.mybatis.spring.mapper.ClassPathMapperScanner - Creating MapperFactoryBean with name 'couponsUseRecords' and 'com.scd.batch.common.dao.promotion.CouponsUseRecordsDao' mapperInterface
2016-11-16 14:37:56 [main] DEBUG org.mybatis.spring.mapper.ClassPathMapperScanner - Creating MapperFactoryBean with name 'cashTransferDao' and 'com.scd.batch.common.dao.reconciliation.CashTransferDao' mapperInterface
2016-11-16 14:37:56 [main] DEBUG org.mybatis.spring.mapper.ClassPathMapperScanner - Creating MapperFactoryBean with name 'huiFuUserBalanceDao' and 'com.scd.batch.common.dao.reconciliation.HuiFuUserBalanceDao' mapperInterface
2016-11-16 14:37:56 [main] DEBUG org.mybatis.spring.mapper.ClassPathMapperScanner - Creating MapperFactoryBean with name 'loanPaymentTransferDao' and 'com.scd.batch.common.dao.reconciliation.LoanPaymentTransferDao' mapperInterface
2016-11-16 14:37:56 [main] DEBUG org.mybatis.spring.mapper.ClassPathMapperScanner - Creating MapperFactoryBean with name 'saveTransferDao' and 'com.scd.batch.common.dao.reconciliation.SaveTransferDao' mapperInterface
2016-11-16 14:37:56 [main] DEBUG org.mybatis.spring.mapper.ClassPathMapperScanner - Creating MapperFactoryBean with name 'transferErrorDao' and 'com.scd.batch.common.dao.reconciliation.TransferErrorDao' mapperInterface
2016-11-16 14:37:56 [main] DEBUG org.mybatis.spring.mapper.ClassPathMapperScanner - Creating MapperFactoryBean with name 'trfTransferDao' and 'com.scd.batch.common.dao.reconciliation.TrfTransferDao' mapperInterface
2016-11-16 14:37:56 [main] DEBUG org.mybatis.spring.mapper.ClassPathMapperScanner - Creating MapperFactoryBean with name 'assetsStatDao' and 'com.scd.batch.common.dao.statistics.AssetsStatDao' mapperInterface
2016-11-16 14:37:56 [main] DEBUG org.mybatis.spring.mapper.ClassPathMapperScanner - Creating MapperFactoryBean with name 'borrowerRepayPlanStatDao' and 'com.scd.batch.common.dao.statistics.BorrowerRepayPlanStatDao' mapperInterface
2016-11-16 14:37:56 [main] DEBUG org.mybatis.spring.mapper.ClassPathMapperScanner - Creating MapperFactoryBean with name 'expenditureStatDao' and 'com.scd.batch.common.dao.statistics.ExpenditureStatDao' mapperInterface
2016-11-16 14:37:56 [main] DEBUG org.mybatis.spring.mapper.ClassPathMapperScanner - Creating MapperFactoryBean with name 'fixProjectDueStatDao' and 'com.scd.batch.common.dao.statistics.FixProjectDueStatDao' mapperInterface
2016-11-16 14:37:56 [main] DEBUG org.mybatis.spring.mapper.ClassPathMapperScanner - Creating MapperFactoryBean with name 'fundStatDao' and 'com.scd.batch.common.dao.statistics.FundStatDao' mapperInterface
2016-11-16 14:37:56 [main] DEBUG org.mybatis.spring.mapper.ClassPathMapperScanner - Creating MapperFactoryBean with name 'projectLimitDao' and 'com.scd.batch.common.dao.statistics.ProjectLimitDao' mapperInterface
2016-11-16 14:37:56 [main] DEBUG org.mybatis.spring.mapper.ClassPathMapperScanner - Creating MapperFactoryBean with name 'loansCbDao' and 'com.scd.batch.common.dao.trade.LoansCbDao' mapperInterface
2016-11-16 14:37:56 [main] DEBUG org.mybatis.spring.mapper.ClassPathMapperScanner - Creating MapperFactoryBean with name 'rechargeLDao' and 'com.scd.batch.common.dao.trade.RechargeLDao' mapperInterface
2016-11-16 14:37:56 [main] DEBUG org.mybatis.spring.mapper.ClassPathMapperScanner - Creating MapperFactoryBean with name 'redeemTDao' and 'com.scd.batch.common.dao.trade.RedeemTDao' mapperInterface
2016-11-16 14:37:56 [main] DEBUG org.mybatis.spring.mapper.ClassPathMapperScanner - Creating MapperFactoryBean with name 'repaymentCbDao' and 'com.scd.batch.common.dao.trade.RepaymentCbDao' mapperInterface
2016-11-16 14:37:56 [main] DEBUG org.mybatis.spring.mapper.ClassPathMapperScanner - Creating MapperFactoryBean with name 'subscribeTDao' and 'com.scd.batch.common.dao.trade.SubscribeTDao' mapperInterface
2016-11-16 14:37:56 [main] DEBUG org.mybatis.spring.mapper.ClassPathMapperScanner - Creating MapperFactoryBean with name 'userBalanceDao' and 'com.scd.batch.common.dao.trade.UserBalanceDao' mapperInterface
2016-11-16 14:37:56 [main] DEBUG org.mybatis.spring.mapper.ClassPathMapperScanner - Creating MapperFactoryBean with name 'withdrawLDao' and 'com.scd.batch.common.dao.trade.WithdrawLDao' mapperInterface
2016-11-16 14:37:56 [main] DEBUG org.mybatis.spring.mapper.ClassPathMapperScanner - Creating MapperFactoryBean with name 'dayCutDao' and 'com.scd.batch.common.daycut.dao.DayCutDao' mapperInterface
2016-11-16 14:37:56 [main] DEBUG org.mybatis.spring.mapper.ClassPathMapperScanner - Creating MapperFactoryBean with name 'failRecordDao' and 'com.scd.batch.common.job.batch.control.dao.FailRecordDao' mapperInterface
2016-11-16 14:37:56 [main] DEBUG org.mybatis.spring.mapper.ClassPathMapperScanner - Creating MapperFactoryBean with name 'jobDao' and 'com.scd.batch.common.job.batch.control.dao.JobDao' mapperInterface
2016-11-16 14:37:56 [main] DEBUG org.mybatis.spring.mapper.ClassPathMapperScanner - Creating MapperFactoryBean with name 'switchDao' and 'com.scd.batch.common.job.batch.control.dao.SwitchDao' mapperInterface
2016-11-16 14:37:56 [main] DEBUG org.mybatis.spring.mapper.ClassPathMapperScanner - Creating MapperFactoryBean with name 'workerNodeDAO' and 'com.scd.batch.common.uid.worker.dao.WorkerNodeDAO' mapperInterface
2016-11-16 14:37:56 [main] INFO  org.springframework.beans.factory.config.PropertiesFactoryBean - Loading properties file from file [F:\github\scd_batch\batch-executor\target\classes\META-INF\kangaroo-msg.properties]
2016-11-16 14:37:56 [main] INFO  org.springframework.beans.factory.config.PropertiesFactoryBean - Loading properties file from file [F:\github\scd_batch\batch-common\target\classes\META-INF\batch.config.properties]
2016-11-16 14:37:56 [main] INFO  org.springframework.beans.factory.config.PropertiesFactoryBean - Loading properties file from file [F:\github\scd_batch\batch-common\target\classes\META-INF\global.properties]
2016-11-16 14:37:56 [main] INFO  org.springframework.beans.factory.config.PropertiesFactoryBean - Loading properties file from URL [jar:file:/F:/.m2/repository/org/apache/logging/log4j/log4j-core/2.6.2/log4j-core-2.6.2.jar!/META-INF/log4j-provider.properties]
2016-11-16 14:37:56 [main] INFO  org.springframework.beans.factory.config.PropertiesFactoryBean - Loading properties file from URL [jar:file:/F:/.m2/repository/com/alibaba/druid/1.0.19/druid-1.0.19.jar!/META-INF/druid-driver.properties]
2016-11-16 14:37:56 [main] INFO  org.springframework.beans.factory.config.PropertiesFactoryBean - Loading properties file from URL [jar:file:/F:/.m2/repository/com/alibaba/druid/1.0.19/druid-1.0.19.jar!/META-INF/druid-filter.properties]
2016-11-16 14:37:56 [main] INFO  org.springframework.beans.factory.config.PropertiesFactoryBean - Loading properties file from file [F:\github\scd_batch\batch-statistics\target\classes\META-INF\config-statistics.properties]
2016-11-16 14:37:56 [main] INFO  org.springframework.beans.factory.config.PropertiesFactoryBean - Loading properties file from file [F:\github\scd_batch\batch-statistics\target\classes\META-INF\generator.properties]
2016-11-16 14:37:56 [main] INFO  org.springframework.beans.factory.config.PropertiesFactoryBean - Loading properties file from file [F:\github\scd_batch\batch-reconciliation\target\classes\META-INF\reconciliation.properties]
2016-11-16 14:37:56 [main] INFO  org.springframework.context.support.PropertySourcesPlaceholderConfigurer - Loading properties file from class path resource [META-INF/smoke/db.properties]
2016-11-16 14:37:56 [main] INFO  org.springframework.context.support.PropertySourcesPlaceholderConfigurer - Loading properties file from class path resource [META-INF/smoke/dubbo.properties]
2016-11-16 14:37:56 [main] INFO  org.springframework.context.support.PropertySourcesPlaceholderConfigurer - Loading properties file from class path resource [META-INF/smoke/redis.properties]
2016-11-16 14:37:56 [main] INFO  org.springframework.context.support.PropertySourcesPlaceholderConfigurer - Loading properties file from class path resource [META-INF/global.properties]
2016-11-16 14:37:56 [main] INFO  org.springframework.context.support.PropertySourcesPlaceholderConfigurer - Loading properties file from class path resource [META-INF/batch.config.properties]
2016-11-16 14:37:56 [main] INFO  org.springframework.context.support.PropertySourcesPlaceholderConfigurer - Loading properties file from class path resource [META-INF/reconciliation.properties]
2016-11-16 14:37:57 [main] DEBUG org.apache.ibatis.logging.LogFactory - Logging initialized using 'class org.apache.ibatis.logging.slf4j.Slf4jImpl' adapter.
2016-11-16 14:37:58 [main] DEBUG org.mybatis.spring.SqlSessionFactoryBean - Property 'configLocation' not specified, using default MyBatis Configuration
2016-11-16 14:37:58 [main] DEBUG org.mybatis.spring.SqlSessionFactoryBean - Parsed mapper file: 'file [F:\github\scd_batch\batch-common\target\classes\META-INF\mybatis\mapper\acct\AcctUserAccumulativeProfitMapper.xml]'
2016-11-16 14:37:58 [main] DEBUG org.mybatis.spring.SqlSessionFactoryBean - Parsed mapper file: 'file [F:\github\scd_batch\batch-common\target\classes\META-INF\mybatis\mapper\acct\AcctUserDailyProfitMapper.xml]'
2016-11-16 14:37:59 [main] DEBUG org.mybatis.spring.SqlSessionFactoryBean - Parsed mapper file: 'file [F:\github\scd_batch\batch-common\target\classes\META-INF\mybatis\mapper\acct\UserAccumulativeProfitMapper.xml]'
2016-11-16 14:37:59 [main] DEBUG org.mybatis.spring.SqlSessionFactoryBean - Parsed mapper file: 'file [F:\github\scd_batch\batch-common\target\classes\META-INF\mybatis\mapper\acct\UserDailyProfitMapper.xml]'
2016-11-16 14:37:59 [main] DEBUG org.mybatis.spring.SqlSessionFactoryBean - Parsed mapper file: 'file [F:\github\scd_batch\batch-common\target\classes\META-INF\mybatis\mapper\acct\UserRegisterMapper.xml]'
2016-11-16 14:37:59 [main] DEBUG org.mybatis.spring.SqlSessionFactoryBean - Parsed mapper file: 'file [F:\github\scd_batch\batch-common\target\classes\META-INF\mybatis\mapper\bid\BorrowerRelationMapper.xml]'
2016-11-16 14:37:59 [main] DEBUG org.mybatis.spring.SqlSessionFactoryBean - Parsed mapper file: 'file [F:\github\scd_batch\batch-common\target\classes\META-INF\mybatis\mapper\bid\CreditorRelationMapper.xml]'
2016-11-16 14:37:59 [main] DEBUG org.mybatis.spring.SqlSessionFactoryBean - Parsed mapper file: 'file [F:\github\scd_batch\batch-common\target\classes\META-INF\mybatis\mapper\bid\CreditRepayRealMapper.xml]'
2016-11-16 14:37:59 [main] DEBUG org.mybatis.spring.SqlSessionFactoryBean - Parsed mapper file: 'file [F:\github\scd_batch\batch-common\target\classes\META-INF\mybatis\mapper\bid\LoanMapper.xml]'
2016-11-16 14:37:59 [main] DEBUG org.mybatis.spring.SqlSessionFactoryBean - Parsed mapper file: 'file [F:\github\scd_batch\batch-common\target\classes\META-INF\mybatis\mapper\bid\ProjectMapper.xml]'
2016-11-16 14:37:59 [main] DEBUG org.mybatis.spring.SqlSessionFactoryBean - Parsed mapper file: 'file [F:\github\scd_batch\batch-common\target\classes\META-INF\mybatis\mapper\bid\RepayPlanMapper.xml]'
2016-11-16 14:37:59 [main] DEBUG org.mybatis.spring.SqlSessionFactoryBean - Parsed mapper file: 'file [F:\github\scd_batch\batch-common\target\classes\META-INF\mybatis\mapper\bid\RepayRealMapper.xml]'
2016-11-16 14:37:59 [main] DEBUG org.mybatis.spring.SqlSessionFactoryBean - Parsed mapper file: 'file [F:\github\scd_batch\batch-common\target\classes\META-INF\mybatis\mapper\executor\DayCutDaoMapper.xml]'
2016-11-16 14:37:59 [main] DEBUG org.mybatis.spring.SqlSessionFactoryBean - Parsed mapper file: 'file [F:\github\scd_batch\batch-common\target\classes\META-INF\mybatis\mapper\executor\M_WORKER_NODE.xml]'
2016-11-16 14:37:59 [main] DEBUG org.mybatis.spring.SqlSessionFactoryBean - Parsed mapper file: 'file [F:\github\scd_batch\batch-common\target\classes\META-INF\mybatis\mapper\executor\SwitchDAO.xml]'
2016-11-16 14:37:59 [main] DEBUG org.mybatis.spring.SqlSessionFactoryBean - Parsed mapper file: 'file [F:\github\scd_batch\batch-common\target\classes\META-INF\mybatis\mapper\executor\T_FAIL_RECORD.xml]'
2016-11-16 14:37:59 [main] DEBUG org.mybatis.spring.SqlSessionFactoryBean - Parsed mapper file: 'file [F:\github\scd_batch\batch-common\target\classes\META-INF\mybatis\mapper\executor\T_JOB.xml]'
2016-11-16 14:37:59 [main] DEBUG org.mybatis.spring.SqlSessionFactoryBean - Parsed mapper file: 'file [F:\github\scd_batch\batch-common\target\classes\META-INF\mybatis\mapper\financial\BorrowerRepaymentPlan.xml]'
2016-11-16 14:37:59 [main] DEBUG org.mybatis.spring.SqlSessionFactoryBean - Parsed mapper file: 'file [F:\github\scd_batch\batch-common\target\classes\META-INF\mybatis\mapper\financial\FixProdDuedateReportMapper.xml]'
2016-11-16 14:37:59 [main] DEBUG org.mybatis.spring.SqlSessionFactoryBean - Parsed mapper file: 'file [F:\github\scd_batch\batch-common\target\classes\META-INF\mybatis\mapper\financial\PlatformAssetReportMapper.xml]'
2016-11-16 14:37:59 [main] DEBUG org.mybatis.spring.SqlSessionFactoryBean - Parsed mapper file: 'file [F:\github\scd_batch\batch-common\target\classes\META-INF\mybatis\mapper\financial\PlatformExpendReportMapper.xml]'
2016-11-16 14:37:59 [main] DEBUG org.mybatis.spring.SqlSessionFactoryBean - Parsed mapper file: 'file [F:\github\scd_batch\batch-common\target\classes\META-INF\mybatis\mapper\financial\ProjectQuotaReportMapper.xml]'
2016-11-16 14:37:59 [main] DEBUG org.mybatis.spring.SqlSessionFactoryBean - Parsed mapper file: 'file [F:\github\scd_batch\batch-common\target\classes\META-INF\mybatis\mapper\financial\UserRwDailyReport.xml]'
2016-11-16 14:37:59 [main] DEBUG org.mybatis.spring.SqlSessionFactoryBean - Parsed mapper file: 'file [F:\github\scd_batch\batch-common\target\classes\META-INF\mybatis\mapper\interest\UserAssetsMapper.xml]'
2016-11-16 14:37:59 [main] DEBUG org.mybatis.spring.SqlSessionFactoryBean - Parsed mapper file: 'file [F:\github\scd_batch\batch-common\target\classes\META-INF\mybatis\mapper\promotion\CouponsUseRecordsMapper.xml]'
2016-11-16 14:37:59 [main] DEBUG org.mybatis.spring.SqlSessionFactoryBean - Parsed mapper file: 'file [F:\github\scd_batch\batch-common\target\classes\META-INF\mybatis\mapper\reconciliation\BalanceMapper.xml]'
2016-11-16 14:37:59 [main] DEBUG org.mybatis.spring.SqlSessionFactoryBean - Parsed mapper file: 'file [F:\github\scd_batch\batch-common\target\classes\META-INF\mybatis\mapper\reconciliation\CashTransfer.xml]'
2016-11-16 14:37:59 [main] DEBUG org.mybatis.spring.SqlSessionFactoryBean - Parsed mapper file: 'file [F:\github\scd_batch\batch-common\target\classes\META-INF\mybatis\mapper\reconciliation\LoanPaymentTransfer.xml]'
2016-11-16 14:38:00 [main] DEBUG org.mybatis.spring.SqlSessionFactoryBean - Parsed mapper file: 'file [F:\github\scd_batch\batch-common\target\classes\META-INF\mybatis\mapper\reconciliation\SaveTransfer.xml]'
2016-11-16 14:38:00 [main] DEBUG org.mybatis.spring.SqlSessionFactoryBean - Parsed mapper file: 'file [F:\github\scd_batch\batch-common\target\classes\META-INF\mybatis\mapper\reconciliation\TransferErrorMapper.xml]'
2016-11-16 14:38:00 [main] DEBUG org.mybatis.spring.SqlSessionFactoryBean - Parsed mapper file: 'file [F:\github\scd_batch\batch-common\target\classes\META-INF\mybatis\mapper\reconciliation\TrfTransfer.xml]'
2016-11-16 14:38:00 [main] DEBUG org.mybatis.spring.SqlSessionFactoryBean - Parsed mapper file: 'file [F:\github\scd_batch\batch-common\target\classes\META-INF\mybatis\mapper\statistics\AssetsStatMapper.xml]'
2016-11-16 14:38:00 [main] DEBUG org.mybatis.spring.SqlSessionFactoryBean - Parsed mapper file: 'file [F:\github\scd_batch\batch-common\target\classes\META-INF\mybatis\mapper\statistics\BorrowerRepayPlanStatMapper.xml]'
2016-11-16 14:38:00 [main] DEBUG org.mybatis.spring.SqlSessionFactoryBean - Parsed mapper file: 'file [F:\github\scd_batch\batch-common\target\classes\META-INF\mybatis\mapper\statistics\ExpenditureStatMapper.xml]'
2016-11-16 14:38:00 [main] DEBUG org.mybatis.spring.SqlSessionFactoryBean - Parsed mapper file: 'file [F:\github\scd_batch\batch-common\target\classes\META-INF\mybatis\mapper\statistics\FixProjectDueStatMapper.xml]'
2016-11-16 14:38:00 [main] DEBUG org.mybatis.spring.SqlSessionFactoryBean - Parsed mapper file: 'file [F:\github\scd_batch\batch-common\target\classes\META-INF\mybatis\mapper\statistics\FundStatMapper.xml]'
2016-11-16 14:38:00 [main] DEBUG org.mybatis.spring.SqlSessionFactoryBean - Parsed mapper file: 'file [F:\github\scd_batch\batch-common\target\classes\META-INF\mybatis\mapper\statistics\ProjectLimitMapper.xml]'
2016-11-16 14:38:00 [main] DEBUG org.mybatis.spring.SqlSessionFactoryBean - Parsed mapper file: 'file [F:\github\scd_batch\batch-common\target\classes\META-INF\mybatis\mapper\trade\LoansCbMapper.xml]'
2016-11-16 14:38:00 [main] DEBUG org.mybatis.spring.SqlSessionFactoryBean - Parsed mapper file: 'file [F:\github\scd_batch\batch-common\target\classes\META-INF\mybatis\mapper\trade\RechargeLMapper.xml]'
2016-11-16 14:38:00 [main] DEBUG org.mybatis.spring.SqlSessionFactoryBean - Parsed mapper file: 'file [F:\github\scd_batch\batch-common\target\classes\META-INF\mybatis\mapper\trade\RedeemTMapper.xml]'
2016-11-16 14:38:00 [main] DEBUG org.mybatis.spring.SqlSessionFactoryBean - Parsed mapper file: 'file [F:\github\scd_batch\batch-common\target\classes\META-INF\mybatis\mapper\trade\RepaymentCbMapper.xml]'
2016-11-16 14:38:00 [main] DEBUG org.mybatis.spring.SqlSessionFactoryBean - Parsed mapper file: 'file [F:\github\scd_batch\batch-common\target\classes\META-INF\mybatis\mapper\trade\SubscribeTMapper.xml]'
2016-11-16 14:38:00 [main] DEBUG org.mybatis.spring.SqlSessionFactoryBean - Parsed mapper file: 'file [F:\github\scd_batch\batch-common\target\classes\META-INF\mybatis\mapper\trade\UserBalanceMapper.xml]'
2016-11-16 14:38:00 [main] DEBUG org.mybatis.spring.SqlSessionFactoryBean - Parsed mapper file: 'file [F:\github\scd_batch\batch-common\target\classes\META-INF\mybatis\mapper\trade\WithdrawLMapper.xml]'
2016-11-16 14:38:00 [main] DEBUG org.apache.commons.digester.Digester.sax - setDocumentLocator(com.sun.org.apache.xerces.internal.parsers.AbstractSAXParser$LocatorProxy@1e132e0)
2016-11-16 14:38:00 [main] DEBUG org.apache.commons.digester.Digester.sax - startDocument()
2016-11-16 14:38:00 [main] DEBUG org.apache.commons.digester.Digester.sax - startElement(,,messages)
2016-11-16 14:38:00 [main] DEBUG org.apache.commons.digester.Digester -   Pushing body text ''
2016-11-16 14:38:00 [main] DEBUG org.apache.commons.digester.Digester -   New match='messages'
2016-11-16 14:38:00 [main] DEBUG org.apache.commons.digester.Digester -   No rules found matching 'messages'.
2016-11-16 14:38:00 [main] DEBUG org.apache.commons.digester.Digester.sax - characters(
    )
2016-11-16 14:38:00 [main] DEBUG org.apache.commons.digester.Digester.sax - characters(

)
2016-11-16 14:38:00 [main] DEBUG org.apache.commons.digester.Digester.sax - endElement(,,messages)
2016-11-16 14:38:00 [main] DEBUG org.apache.commons.digester.Digester -   match='messages'
2016-11-16 14:38:00 [main] DEBUG org.apache.commons.digester.Digester -   bodyText='
    

'
2016-11-16 14:38:00 [main] DEBUG org.apache.commons.digester.Digester -   No rules found matching 'messages'.
2016-11-16 14:38:00 [main] DEBUG org.apache.commons.digester.Digester -   Popping body text ''
2016-11-16 14:38:00 [main] DEBUG org.apache.commons.digester.Digester.sax - endDocument()
2016-11-16 14:38:19 [main] INFO  com.scd.batch.interest.job.LastDayAssetsCalculateJob - start job: lastDayAssetsCalculate.job
2016-11-16 14:38:21 [main] INFO  com.scd.batch.common.mybatis.multidb.MultiDBInterceptor - change datasource to:BATCH
2016-11-16 14:38:21 [main] DEBUG org.mybatis.spring.SqlSessionUtils - Creating a new SqlSession
2016-11-16 14:38:21 [main] DEBUG org.mybatis.spring.SqlSessionUtils - Registering transaction synchronization for SqlSession [org.apache.ibatis.session.defaults.DefaultSqlSession@934262]
2016-11-16 14:38:21 [main] DEBUG org.mybatis.spring.transaction.SpringManagedTransaction - JDBC Connection [com.mysql.jdbc.JDBC4Connection@f1695a] will be managed by Spring
2016-11-16 14:38:21 [main] DEBUG com.scd.batch.common.daycut.dao.DayCutDao.loadDate - ooo Using Connection [com.mysql.jdbc.JDBC4Connection@f1695a]
2016-11-16 14:38:21 [main] DEBUG com.scd.batch.common.daycut.dao.DayCutDao.loadDate - ==>  Preparing: SELECT ID, ACCOUNT_DATE, CREATED, MODIFIED FROM DAY_CUT_INFO WHERE ID = 1 
2016-11-16 14:38:21 [main] DEBUG com.scd.batch.common.daycut.dao.DayCutDao.loadDate - ==> Parameters: 
2016-11-16 14:38:21 [main] DEBUG com.scd.batch.common.daycut.dao.DayCutDao.loadDate - <==      Total: 1
2016-11-16 14:38:21 [main] DEBUG org.mybatis.spring.SqlSessionUtils - Releasing transactional SqlSession [org.apache.ibatis.session.defaults.DefaultSqlSession@934262]
2016-11-16 14:38:22 [main] INFO  com.scd.batch.common.mybatis.multidb.MultiDBInterceptor - change datasource to:BATCH
2016-11-16 14:38:22 [main] DEBUG org.mybatis.spring.SqlSessionUtils - Fetched SqlSession [org.apache.ibatis.session.defaults.DefaultSqlSession@934262] from current transaction
2016-11-16 14:38:22 [main] DEBUG com.scd.batch.common.job.batch.control.dao.JobDao.selectOneAvailableJob - ooo Using Connection [com.mysql.jdbc.JDBC4Connection@f1695a]
2016-11-16 14:38:22 [main] DEBUG com.scd.batch.common.job.batch.control.dao.JobDao.selectOneAvailableJob - ==>  Preparing: SELECT ID, PHASE, PHASE_STATUS, JOB_TYPE, RETRY_TIME, DATABASE_ID, TABLE_ID, UUID, ACCOUNT_DATE, CHECK_POINT, START_TIME, END_TIME, CREATED, MODIFIED FROM T_JOB WHERE ACCOUNT_DATE = ? AND PHASE_STATUS IN (1, 3) AND JOB_TYPE = ? AND PHASE = ? AND RETRY_TIME < ? LIMIT 1 
2016-11-16 14:38:22 [main] DEBUG com.scd.batch.common.job.batch.control.dao.JobDao.selectOneAvailableJob - ==> Parameters: 2016-11-12 00:00:00.0(Timestamp), 4001(Integer), 1(Integer), 3(Integer)
2016-11-16 14:38:22 [main] DEBUG com.scd.batch.common.job.batch.control.dao.JobDao.selectOneAvailableJob - <==      Total: 0
2016-11-16 14:38:22 [main] DEBUG org.mybatis.spring.SqlSessionUtils - Releasing transactional SqlSession [org.apache.ibatis.session.defaults.DefaultSqlSession@934262]
2016-11-16 14:38:22 [main] DEBUG org.mybatis.spring.SqlSessionUtils - Transaction synchronization committing SqlSession [org.apache.ibatis.session.defaults.DefaultSqlSession@934262]
2016-11-16 14:38:22 [main] DEBUG org.mybatis.spring.SqlSessionUtils - Transaction synchronization deregistering SqlSession [org.apache.ibatis.session.defaults.DefaultSqlSession@934262]
2016-11-16 14:38:22 [main] DEBUG org.mybatis.spring.SqlSessionUtils - Transaction synchronization closing SqlSession [org.apache.ibatis.session.defaults.DefaultSqlSession@934262]
2016-11-16 14:38:22 [main] INFO  com.scd.batch.interest.job.LastDayAssetsCalculateJob - cancel process executor:[LastDayAssetsCalculateJob[name=lastDayAssetsCalculate.job,cycleRunning=false]] with context:[ExecutorContext[status=<null>,attaches={com.scd.batch.common.utils.ShortDate=2016-11-12}]], because of before execute is false
2016-11-16 14:38:22 [main] INFO  com.scd.batch.interest.job.LastDayAssetsCalculateJob - job: lastDayAssetsCalculate.job finished, takes: 3212
2016-11-16 14:38:22 [main] INFO  com.scd.batch.executor.job.BatchLauncher - BatchLauncher success for args: -n, lastDayAssetsCalculate, -p, classpath:META-INF/ApplicationContext-executor.xml, -f
